<?xml version="1.0" encoding="UTF-8"?>
<!-- Generated by org.testng.reporters.JUnitReportReporter -->
<testsuite hostname="LAPTOP-OPDRACTK" failures="0" tests="1" name="videoRecording.video.Runningthevideo" time="25.147" errors="0" timestamp="19 Jan 2019 16:59:41 GMT" skipped="0">
  <testcase classname="videoRecording.video.Runningthevideo" name="testvideo" time="25.147"/>
</testsuite> <!-- videoRecording.video.Runningthevideo -->
