<?xml version="1.0" encoding="UTF-8"?>
<!-- Generated by org.testng.reporters.JUnitReportReporter -->
<testsuite hostname="LAPTOP-OPDRACTK" failures="0" tests="1" name="videoRecording.video.VideoUtlity" time="20.230" errors="0" timestamp="13 Jan 2019 17:46:24 GMT" skipped="0">
  <testcase classname="videoRecording.video.VideoUtlity" name="open" time="20.230"/>
</testsuite> <!-- videoRecording.video.VideoUtlity -->
